<?xml version="1.0" encoding="UTF-8"?>
<phyloxml xmlns:xsi="http://www.w3.org/2001/XMLSchema-instance" xsi:schemaLocation="http://www.phyloxml.org http://www.phyloxml.org/1.10/phyloxml.xsd" xmlns="http://www.phyloxml.org">
<phylogeny rooted="true" rerootable="false">
 <clade>
   <events>
     <speciations>1</speciations>
   </events>
   <clade>
     <branch_length>0.0</branch_length>
     <taxonomy>
       <code>YEAST</code>
     </taxonomy>
   </clade>
   <clade>
     <branch_length>0.0</branch_length>
     <events>
       <speciations>1</speciations>
     </events>
     <clade>
       <branch_length>0.0</branch_length>
       <events>
         <speciations>1</speciations>
       </events>
       <clade>
         <branch_length>0.0</branch_length>
         <events>
           <speciations>1</speciations>
         </events>
         <clade>
           <branch_length>0.0</branch_length>
           <events>
             <duplications>1</duplications>
           </events>
           <clade>
             <branch_length>0.0</branch_length>
             <events>
               <speciations>1</speciations>
             </events>
             <clade>
               <branch_length>0.0</branch_length>
               <events>
                 <speciations>1</speciations>
               </events>
               <clade>
                 <branch_length>0.0</branch_length>
                 <events>
                   <duplications>1</duplications>
                 </events>
                 <clade>
                   <branch_length>0.0</branch_length>
                   <events>
                     <duplications>1</duplications>
                   </events>
                   <clade>
                     <branch_length>0.0</branch_length>
                     <events>
                       <speciations>1</speciations>
                     </events>
                     <clade>
                       <branch_length>0.0</branch_length>
                       <events>
                         <duplications>1</duplications>
                       </events>
                       <clade>
                         <branch_length>0.0</branch_length>
                         <events>
                           <speciations>1</speciations>
                         </events>
                         <clade>
                           <branch_length>0.0</branch_length>
                           <taxonomy>
                             <code>MOUSE</code>
                           </taxonomy>
                         </clade>
                         <clade>
                           <taxonomy>
                             <code>RAT</code>
                           </taxonomy>
                         </clade>
                       </clade>
                       <clade>
                         <taxonomy>
                           <code>MOUSE</code>
                         </taxonomy>
                       </clade>
                     </clade>
                     <clade>
                       <taxonomy>
                         <code>CIOIN</code>
                       </taxonomy>
                     </clade>
                   </clade>
                   <clade>
                     <taxonomy>
                       <code>XENLA</code>
                     </taxonomy>
                   </clade>
                 </clade>
                 <clade>
                   <taxonomy>
                     <code>CHICK</code>
                   </taxonomy>
                 </clade>
               </clade>
               <clade>
                 <taxonomy>
                   <code>BRAFL</code>
                 </taxonomy>
               </clade>
             </clade>
             <clade>
               <taxonomy>
                 <code>LOTGI</code>
               </taxonomy>
             </clade>
           </clade>
           <clade>
             <events>
               <speciations>1</speciations>
             </events>
             <clade>
               <events>
                 <speciations>1</speciations>
               </events>
               <clade>
                 <taxonomy>
                   <code>DROME</code>
                 </taxonomy>
               </clade>
               <clade>
                 <taxonomy>
                   <code>CAEEL</code>
                 </taxonomy>
               </clade>
             </clade>
             <clade>
               <taxonomy>
                 <code>STRPU</code>
               </taxonomy>
             </clade>
           </clade>
         </clade>
         <clade>
           <events>
             <speciations>1</speciations>
           </events>
           <clade>
             <taxonomy>
               <code>NEMVE</code>
             </taxonomy>
           </clade>
           <clade>
             <taxonomy>
               <code>BEROV</code>
             </taxonomy>
           </clade>
         </clade>
       </clade>
       <clade>
         <taxonomy>
           <code>TRIAD</code>
         </taxonomy>
       </clade>
     </clade>
     <clade>
       <taxonomy>
         <code>MONBE</code>
       </taxonomy>
     </clade>
   </clade>
 </clade>
</phylogeny>
</phyloxml>